<?xml version="1.0" encoding="UTF-8"?>
<!-- Generated by org.testng.reporters.JUnitXMLReporter -->
<testsuite ignored="1" hostname="Amols-MacBook-Pro.local" failures="0" tests="3" name="Default test(failed)" time="8.352" errors="0" timestamp="2025-07-02T12:09:48 GST">
  <testcase classname="org.amazon.LoginTests" name="testForgotPassword" time="0.145"/>
  <testcase classname="org.amazon.LoginTests" name="testRegisterHereLink" time="1.992"/>
  <testcase classname="org.amazon.LoginTests" name="testValidLogin" time="2.812"/>
  <testcase classname="org.amazon.LoginTests" name="testInvalidLogin" time="0.0">
    <ignored/>
  </testcase> <!-- testInvalidLogin -->
</testsuite> <!-- Default test(failed) -->
