<?xml version="1.0" encoding="UTF-8"?>
<!-- Generated by org.testng.reporters.JUnitXMLReporter -->
<testsuite ignored="0" hostname="Amols-MacBook-Pro.local" failures="0" tests="4" name="Default test" time="10.66" errors="0" timestamp="2025-07-02T11:11:17 GST">
  <testcase classname="org.amazon.LoginTests" name="testInvalidLogin" time="0.559"/>
  <testcase classname="org.amazon.LoginTests" name="testForgotPassword" time="1.551"/>
  <testcase classname="org.amazon.LoginTests" name="testRegisterHereLink" time="2.002"/>
  <testcase classname="org.amazon.LoginTests" name="testValidLogin" time="3.125"/>
</testsuite> <!-- Default test -->
