<?xml version="1.0" encoding="UTF-8"?>
<!-- Generated by org.testng.reporters.JUnitXMLReporter -->
<testsuite ignored="0" hostname="Amols-MacBook-Pro.local" failures="0" tests="5" name="LoginAndRegistrationTests" time="11.978" errors="0" timestamp="2025-07-02T11:15:46 GST">
  <testcase classname="org.amazon.LoginTests" name="testInvalidLogin" time="1.117"/>
  <testcase classname="org.amazon.RegistrationTests" name="testValidRegistration" time="1.955"/>
  <testcase classname="org.amazon.LoginTests" name="testForgotPassword" time="0.996"/>
  <testcase classname="org.amazon.LoginTests" name="testRegisterHereLink" time="2.002"/>
  <testcase classname="org.amazon.LoginTests" name="testValidLogin" time="2.398"/>
</testsuite> <!-- LoginAndRegistrationTests -->
