<?xml version="1.0" encoding="UTF-8"?>
<testng-results ignored="0" total="3" passed="3" failed="0" skipped="0">
  <reporter-output>
  </reporter-output>
  <suite started-at="2025-07-02T12:09:34 GST" name="Failed suite [Default suite]" finished-at="2025-07-02T12:09:43 GST" duration-ms="8352">
    <groups>
    </groups>
    <test started-at="2025-07-02T12:09:34 GST" name="Default test(failed)" finished-at="2025-07-02T12:09:43 GST" duration-ms="8352">
      <class name="org.amazon.LoginTests">
        <test-method is-config="true" signature="setUp()[pri:0, instance:org.amazon.LoginTests@cb0755b]" started-at="2025-07-02T12:09:34 GST" name="setUp" finished-at="2025-07-02T12:09:37 GST" duration-ms="3031" status="PASS">
          <reporter-output>
          </reporter-output>
        </test-method> <!-- setUp -->
        <test-method is-config="true" signature="setUpPage()[pri:0, instance:org.amazon.LoginTests@cb0755b]" started-at="2025-07-02T12:09:37 GST" name="setUpPage" finished-at="2025-07-02T12:09:37 GST" duration-ms="206" status="PASS">
          <reporter-output>
          </reporter-output>
        </test-method> <!-- setUpPage -->
        <test-method signature="testForgotPassword()[pri:2, instance:org.amazon.LoginTests@cb0755b]" started-at="2025-07-02T12:09:37 GST" name="testForgotPassword" finished-at="2025-07-02T12:09:38 GST" duration-ms="145" status="PASS">
          <reporter-output>
          </reporter-output>
        </test-method> <!-- testForgotPassword -->
        <test-method is-config="true" signature="setUpPage()[pri:0, instance:org.amazon.LoginTests@cb0755b]" started-at="2025-07-02T12:09:38 GST" name="setUpPage" finished-at="2025-07-02T12:09:38 GST" duration-ms="3" status="PASS">
          <reporter-output>
          </reporter-output>
        </test-method> <!-- setUpPage -->
        <test-method signature="testRegisterHereLink()[pri:3, instance:org.amazon.LoginTests@cb0755b]" started-at="2025-07-02T12:09:38 GST" name="testRegisterHereLink" finished-at="2025-07-02T12:09:40 GST" duration-ms="1992" status="PASS">
          <reporter-output>
          </reporter-output>
        </test-method> <!-- testRegisterHereLink -->
        <test-method is-config="true" signature="setUpPage()[pri:0, instance:org.amazon.LoginTests@cb0755b]" started-at="2025-07-02T12:09:40 GST" name="setUpPage" finished-at="2025-07-02T12:09:40 GST" duration-ms="4" status="PASS">
          <reporter-output>
          </reporter-output>
        </test-method> <!-- setUpPage -->
        <test-method signature="testValidLogin()[pri:4, instance:org.amazon.LoginTests@cb0755b]" started-at="2025-07-02T12:09:40 GST" name="testValidLogin" finished-at="2025-07-02T12:09:42 GST" duration-ms="2812" status="PASS">
          <reporter-output>
          </reporter-output>
        </test-method> <!-- testValidLogin -->
        <test-method is-config="true" signature="tearDown()[pri:0, instance:org.amazon.LoginTests@cb0755b]" started-at="2025-07-02T12:09:42 GST" name="tearDown" finished-at="2025-07-02T12:09:43 GST" duration-ms="116" status="PASS">
          <reporter-output>
          </reporter-output>
        </test-method> <!-- tearDown -->
      </class> <!-- org.amazon.LoginTests -->
    </test> <!-- Default test(failed) -->
  </suite> <!-- Failed suite [Default suite] -->
</testng-results>
